2016-09-19 01:24:10.506 [main] [ERROR] [e.x.p.c.t.ThriftClient: startUp] - Cannot connect server: ThriftConfig [name=p2p_client_1, host=192.168.31.111, port=8888]
org.apache.thrift.transport.TTransportException: java.net.ConnectException: Connection refused: connect
	at org.apache.thrift.transport.TSocket.open(TSocket.java:187) ~[libthrift-0.9.2.jar:0.9.2]
	at org.apache.thrift.transport.TFramedTransport.open(TFramedTransport.java:81) ~[libthrift-0.9.2.jar:0.9.2]
	at edu.xmh.p2p.client.thrift.ThriftClient.startUp(ThriftClient.java:63) [bin/:?]
	at edu.xmh.p2p.client.thrift.ThriftClient.downLoadFile(ThriftClient.java:42) [bin/:?]
	at edu.xmh.p2p.client.app.ClientApp.main(ClientApp.java:13) [bin/:?]
Caused by: java.net.ConnectException: Connection refused: connect
	at java.net.DualStackPlainSocketImpl.waitForConnect(Native Method) ~[?:1.8.0_101]
	at java.net.DualStackPlainSocketImpl.socketConnect(DualStackPlainSocketImpl.java:85) ~[?:1.8.0_101]
	at java.net.AbstractPlainSocketImpl.doConnect(AbstractPlainSocketImpl.java:350) ~[?:1.8.0_101]
	at java.net.AbstractPlainSocketImpl.connectToAddress(AbstractPlainSocketImpl.java:206) ~[?:1.8.0_101]
	at java.net.AbstractPlainSocketImpl.connect(AbstractPlainSocketImpl.java:188) ~[?:1.8.0_101]
	at java.net.PlainSocketImpl.connect(PlainSocketImpl.java:172) ~[?:1.8.0_101]
	at java.net.SocksSocketImpl.connect(SocksSocketImpl.java:392) ~[?:1.8.0_101]
	at java.net.Socket.connect(Socket.java:589) ~[?:1.8.0_101]
	at org.apache.thrift.transport.TSocket.open(TSocket.java:182) ~[libthrift-0.9.2.jar:0.9.2]
	... 4 more
2016-09-19 01:24:10.535 [main] [INFO ] [e.x.p.c.t.ThriftClient: downLoadFile] - Count ftpUrls: 0
2016-09-19 01:24:10.554 [Thread-1] [INFO ] [e.x.p.c.f.FTPDispatcherApp: run] - does not exist BT data
2016-09-19 01:27:42.789 [main] [ERROR] [e.x.p.c.t.ThriftClient: startUp] - Cannot connect server: ThriftConfig [name=p2p_client_1, host=192.168.31.111, port=8888]
org.apache.thrift.transport.TTransportException: java.net.ConnectException: Connection refused: connect
	at org.apache.thrift.transport.TSocket.open(TSocket.java:187) ~[libthrift-0.9.2.jar:0.9.2]
	at org.apache.thrift.transport.TFramedTransport.open(TFramedTransport.java:81) ~[libthrift-0.9.2.jar:0.9.2]
	at edu.xmh.p2p.client.thrift.ThriftClient.startUp(ThriftClient.java:62) [bin/:?]
	at edu.xmh.p2p.client.thrift.ThriftClient.downLoadFile(ThriftClient.java:42) [bin/:?]
	at edu.xmh.p2p.client.app.ClientApp.main(ClientApp.java:13) [bin/:?]
Caused by: java.net.ConnectException: Connection refused: connect
	at java.net.DualStackPlainSocketImpl.waitForConnect(Native Method) ~[?:1.8.0_101]
	at java.net.DualStackPlainSocketImpl.socketConnect(DualStackPlainSocketImpl.java:85) ~[?:1.8.0_101]
	at java.net.AbstractPlainSocketImpl.doConnect(AbstractPlainSocketImpl.java:350) ~[?:1.8.0_101]
	at java.net.AbstractPlainSocketImpl.connectToAddress(AbstractPlainSocketImpl.java:206) ~[?:1.8.0_101]
	at java.net.AbstractPlainSocketImpl.connect(AbstractPlainSocketImpl.java:188) ~[?:1.8.0_101]
	at java.net.PlainSocketImpl.connect(PlainSocketImpl.java:172) ~[?:1.8.0_101]
	at java.net.SocksSocketImpl.connect(SocksSocketImpl.java:392) ~[?:1.8.0_101]
	at java.net.Socket.connect(Socket.java:589) ~[?:1.8.0_101]
	at org.apache.thrift.transport.TSocket.open(TSocket.java:182) ~[libthrift-0.9.2.jar:0.9.2]
	... 4 more
2016-09-19 01:33:52.054 [main] [ERROR] [e.x.p.c.t.ThriftClient: startUp] - Cannot connect server: ThriftConfig [name=p2p_client_1, host=192.168.31.111, port=8888]
org.apache.thrift.transport.TTransportException: java.net.ConnectException: Connection refused: connect
	at org.apache.thrift.transport.TSocket.open(TSocket.java:187) ~[libthrift-0.9.2.jar:0.9.2]
	at org.apache.thrift.transport.TFramedTransport.open(TFramedTransport.java:81) ~[libthrift-0.9.2.jar:0.9.2]
	at edu.xmh.p2p.client.thrift.ThriftClient.startUp(ThriftClient.java:64) [bin/:?]
	at edu.xmh.p2p.client.thrift.ThriftClient.downLoadFile(ThriftClient.java:43) [bin/:?]
	at edu.xmh.p2p.client.app.ClientApp.main(ClientApp.java:13) [bin/:?]
Caused by: java.net.ConnectException: Connection refused: connect
	at java.net.DualStackPlainSocketImpl.waitForConnect(Native Method) ~[?:1.8.0_101]
	at java.net.DualStackPlainSocketImpl.socketConnect(DualStackPlainSocketImpl.java:85) ~[?:1.8.0_101]
	at java.net.AbstractPlainSocketImpl.doConnect(AbstractPlainSocketImpl.java:350) ~[?:1.8.0_101]
	at java.net.AbstractPlainSocketImpl.connectToAddress(AbstractPlainSocketImpl.java:206) ~[?:1.8.0_101]
	at java.net.AbstractPlainSocketImpl.connect(AbstractPlainSocketImpl.java:188) ~[?:1.8.0_101]
	at java.net.PlainSocketImpl.connect(PlainSocketImpl.java:172) ~[?:1.8.0_101]
	at java.net.SocksSocketImpl.connect(SocksSocketImpl.java:392) ~[?:1.8.0_101]
	at java.net.Socket.connect(Socket.java:589) ~[?:1.8.0_101]
	at org.apache.thrift.transport.TSocket.open(TSocket.java:182) ~[libthrift-0.9.2.jar:0.9.2]
	... 4 more
2016-09-19 01:33:57.064 [main] [INFO ] [e.x.p.c.t.ThriftClient: downLoadFile] - Count ftpUrls: 0
2016-09-19 01:33:57.071 [Thread-1] [INFO ] [e.x.p.c.f.FTPDispatcherApp: run] - does not exist BT data
2016-09-19 01:34:44.198 [main] [ERROR] [e.x.p.c.t.ThriftClient: startUp] - Cannot connect server: ThriftConfig [name=p2p_client_1, host=192.168.31.111, port=8888]
org.apache.thrift.transport.TTransportException: java.net.ConnectException: Connection refused: connect
	at org.apache.thrift.transport.TSocket.open(TSocket.java:187) ~[libthrift-0.9.2.jar:0.9.2]
	at org.apache.thrift.transport.TFramedTransport.open(TFramedTransport.java:81) ~[libthrift-0.9.2.jar:0.9.2]
	at edu.xmh.p2p.client.thrift.ThriftClient.startUp(ThriftClient.java:64) [bin/:?]
	at edu.xmh.p2p.client.thrift.ThriftClient.downLoadFile(ThriftClient.java:43) [bin/:?]
	at edu.xmh.p2p.client.app.ClientApp.main(ClientApp.java:13) [bin/:?]
Caused by: java.net.ConnectException: Connection refused: connect
	at java.net.DualStackPlainSocketImpl.waitForConnect(Native Method) ~[?:1.8.0_101]
	at java.net.DualStackPlainSocketImpl.socketConnect(DualStackPlainSocketImpl.java:85) ~[?:1.8.0_101]
	at java.net.AbstractPlainSocketImpl.doConnect(AbstractPlainSocketImpl.java:350) ~[?:1.8.0_101]
	at java.net.AbstractPlainSocketImpl.connectToAddress(AbstractPlainSocketImpl.java:206) ~[?:1.8.0_101]
	at java.net.AbstractPlainSocketImpl.connect(AbstractPlainSocketImpl.java:188) ~[?:1.8.0_101]
	at java.net.PlainSocketImpl.connect(PlainSocketImpl.java:172) ~[?:1.8.0_101]
	at java.net.SocksSocketImpl.connect(SocksSocketImpl.java:392) ~[?:1.8.0_101]
	at java.net.Socket.connect(Socket.java:589) ~[?:1.8.0_101]
	at org.apache.thrift.transport.TSocket.open(TSocket.java:182) ~[libthrift-0.9.2.jar:0.9.2]
	... 4 more
2016-09-19 01:42:28.329 [main] [ERROR] [e.x.p.c.t.ThriftClient: startUp] - Cannot connect server: ThriftConfig [name=p2p_client_1, host=192.168.31.111, port=8888]
org.apache.thrift.transport.TTransportException: java.net.ConnectException: Connection refused: connect
	at org.apache.thrift.transport.TSocket.open(TSocket.java:187) ~[libthrift-0.9.2.jar:0.9.2]
	at org.apache.thrift.transport.TFramedTransport.open(TFramedTransport.java:81) ~[libthrift-0.9.2.jar:0.9.2]
	at edu.xmh.p2p.client.thrift.ThriftClient.startUp(ThriftClient.java:59) [bin/:?]
	at edu.xmh.p2p.client.thrift.ThriftClient.downLoadFile(ThriftClient.java:41) [bin/:?]
	at edu.xmh.p2p.client.app.ClientApp.main(ClientApp.java:13) [bin/:?]
Caused by: java.net.ConnectException: Connection refused: connect
	at java.net.DualStackPlainSocketImpl.waitForConnect(Native Method) ~[?:1.8.0_101]
	at java.net.DualStackPlainSocketImpl.socketConnect(DualStackPlainSocketImpl.java:85) ~[?:1.8.0_101]
	at java.net.AbstractPlainSocketImpl.doConnect(AbstractPlainSocketImpl.java:350) ~[?:1.8.0_101]
	at java.net.AbstractPlainSocketImpl.connectToAddress(AbstractPlainSocketImpl.java:206) ~[?:1.8.0_101]
	at java.net.AbstractPlainSocketImpl.connect(AbstractPlainSocketImpl.java:188) ~[?:1.8.0_101]
	at java.net.PlainSocketImpl.connect(PlainSocketImpl.java:172) ~[?:1.8.0_101]
	at java.net.SocksSocketImpl.connect(SocksSocketImpl.java:392) ~[?:1.8.0_101]
	at java.net.Socket.connect(Socket.java:589) ~[?:1.8.0_101]
	at org.apache.thrift.transport.TSocket.open(TSocket.java:182) ~[libthrift-0.9.2.jar:0.9.2]
	... 4 more
2016-09-19 01:44:51.227 [main] [ERROR] [e.x.p.c.t.ThriftClient: startUp] - Cannot connect server: ThriftConfig [name=p2p_client_1, host=192.168.31.111, port=8888]
org.apache.thrift.transport.TTransportException: java.net.ConnectException: Connection refused: connect
	at org.apache.thrift.transport.TSocket.open(TSocket.java:187) ~[libthrift-0.9.2.jar:0.9.2]
	at org.apache.thrift.transport.TFramedTransport.open(TFramedTransport.java:81) ~[libthrift-0.9.2.jar:0.9.2]
	at edu.xmh.p2p.client.thrift.ThriftClient.startUp(ThriftClient.java:59) [bin/:?]
	at edu.xmh.p2p.client.thrift.ThriftClient.downLoadFile(ThriftClient.java:41) [bin/:?]
	at edu.xmh.p2p.client.app.ClientApp.main(ClientApp.java:13) [bin/:?]
Caused by: java.net.ConnectException: Connection refused: connect
	at java.net.DualStackPlainSocketImpl.waitForConnect(Native Method) ~[?:1.8.0_101]
	at java.net.DualStackPlainSocketImpl.socketConnect(DualStackPlainSocketImpl.java:85) ~[?:1.8.0_101]
	at java.net.AbstractPlainSocketImpl.doConnect(AbstractPlainSocketImpl.java:350) ~[?:1.8.0_101]
	at java.net.AbstractPlainSocketImpl.connectToAddress(AbstractPlainSocketImpl.java:206) ~[?:1.8.0_101]
	at java.net.AbstractPlainSocketImpl.connect(AbstractPlainSocketImpl.java:188) ~[?:1.8.0_101]
	at java.net.PlainSocketImpl.connect(PlainSocketImpl.java:172) ~[?:1.8.0_101]
	at java.net.SocksSocketImpl.connect(SocksSocketImpl.java:392) ~[?:1.8.0_101]
	at java.net.Socket.connect(Socket.java:589) ~[?:1.8.0_101]
	at org.apache.thrift.transport.TSocket.open(TSocket.java:182) ~[libthrift-0.9.2.jar:0.9.2]
	... 4 more
2016-09-19 01:45:26.878 [main] [ERROR] [e.x.p.c.t.ThriftClient: startUp] - Cannot connect server: ThriftConfig [name=p2p_client_1, host=192.168.31.111, port=8888]
org.apache.thrift.transport.TTransportException: java.net.ConnectException: Connection refused: connect
	at org.apache.thrift.transport.TSocket.open(TSocket.java:187) ~[libthrift-0.9.2.jar:0.9.2]
	at org.apache.thrift.transport.TFramedTransport.open(TFramedTransport.java:81) ~[libthrift-0.9.2.jar:0.9.2]
	at edu.xmh.p2p.client.thrift.ThriftClient.startUp(ThriftClient.java:59) [bin/:?]
	at edu.xmh.p2p.client.thrift.ThriftClient.downLoadFile(ThriftClient.java:41) [bin/:?]
	at edu.xmh.p2p.client.app.ClientApp.main(ClientApp.java:13) [bin/:?]
Caused by: java.net.ConnectException: Connection refused: connect
	at java.net.DualStackPlainSocketImpl.connect0(Native Method) ~[?:1.8.0_101]
	at java.net.DualStackPlainSocketImpl.socketConnect(DualStackPlainSocketImpl.java:79) ~[?:1.8.0_101]
	at java.net.AbstractPlainSocketImpl.doConnect(AbstractPlainSocketImpl.java:350) ~[?:1.8.0_101]
	at java.net.AbstractPlainSocketImpl.connectToAddress(AbstractPlainSocketImpl.java:206) ~[?:1.8.0_101]
	at java.net.AbstractPlainSocketImpl.connect(AbstractPlainSocketImpl.java:188) ~[?:1.8.0_101]
	at java.net.PlainSocketImpl.connect(PlainSocketImpl.java:172) ~[?:1.8.0_101]
	at java.net.SocksSocketImpl.connect(SocksSocketImpl.java:392) ~[?:1.8.0_101]
	at java.net.Socket.connect(Socket.java:589) ~[?:1.8.0_101]
	at org.apache.thrift.transport.TSocket.open(TSocket.java:182) ~[libthrift-0.9.2.jar:0.9.2]
	... 4 more
2016-09-19 01:46:29.944 [main] [ERROR] [e.x.p.c.t.ThriftClient: startUp] - Cannot connect server: ThriftConfig [name=p2p_client_1, host=192.168.31.111, port=8888]
org.apache.thrift.transport.TTransportException: java.net.ConnectException: Connection refused: connect
	at org.apache.thrift.transport.TSocket.open(TSocket.java:187) ~[libthrift-0.9.2.jar:0.9.2]
	at org.apache.thrift.transport.TFramedTransport.open(TFramedTransport.java:81) ~[libthrift-0.9.2.jar:0.9.2]
	at edu.xmh.p2p.client.thrift.ThriftClient.startUp(ThriftClient.java:59) [bin/:?]
	at edu.xmh.p2p.client.thrift.ThriftClient.downLoadFile(ThriftClient.java:41) [bin/:?]
	at edu.xmh.p2p.client.app.ClientApp.main(ClientApp.java:13) [bin/:?]
Caused by: java.net.ConnectException: Connection refused: connect
	at java.net.DualStackPlainSocketImpl.connect0(Native Method) ~[?:1.8.0_101]
	at java.net.DualStackPlainSocketImpl.socketConnect(DualStackPlainSocketImpl.java:79) ~[?:1.8.0_101]
	at java.net.AbstractPlainSocketImpl.doConnect(AbstractPlainSocketImpl.java:350) ~[?:1.8.0_101]
	at java.net.AbstractPlainSocketImpl.connectToAddress(AbstractPlainSocketImpl.java:206) ~[?:1.8.0_101]
	at java.net.AbstractPlainSocketImpl.connect(AbstractPlainSocketImpl.java:188) ~[?:1.8.0_101]
	at java.net.PlainSocketImpl.connect(PlainSocketImpl.java:172) ~[?:1.8.0_101]
	at java.net.SocksSocketImpl.connect(SocksSocketImpl.java:392) ~[?:1.8.0_101]
	at java.net.Socket.connect(Socket.java:589) ~[?:1.8.0_101]
	at org.apache.thrift.transport.TSocket.open(TSocket.java:182) ~[libthrift-0.9.2.jar:0.9.2]
	... 4 more
2016-09-19 01:47:34.815 [main] [ERROR] [e.x.p.c.t.ThriftClient: startUp] - Cannot connect server: ThriftConfig [name=p2p_client_1, host=192.168.31.111, port=8888]
org.apache.thrift.transport.TTransportException: java.net.ConnectException: Connection refused: connect
	at org.apache.thrift.transport.TSocket.open(TSocket.java:187) ~[libthrift-0.9.2.jar:0.9.2]
	at org.apache.thrift.transport.TFramedTransport.open(TFramedTransport.java:81) ~[libthrift-0.9.2.jar:0.9.2]
	at edu.xmh.p2p.client.thrift.ThriftClient.startUp(ThriftClient.java:59) [bin/:?]
	at edu.xmh.p2p.client.thrift.ThriftClient.downLoadFile(ThriftClient.java:41) [bin/:?]
	at edu.xmh.p2p.client.app.ClientApp.main(ClientApp.java:13) [bin/:?]
Caused by: java.net.ConnectException: Connection refused: connect
	at java.net.DualStackPlainSocketImpl.connect0(Native Method) ~[?:1.8.0_101]
	at java.net.DualStackPlainSocketImpl.socketConnect(DualStackPlainSocketImpl.java:79) ~[?:1.8.0_101]
	at java.net.AbstractPlainSocketImpl.doConnect(AbstractPlainSocketImpl.java:350) ~[?:1.8.0_101]
	at java.net.AbstractPlainSocketImpl.connectToAddress(AbstractPlainSocketImpl.java:206) ~[?:1.8.0_101]
	at java.net.AbstractPlainSocketImpl.connect(AbstractPlainSocketImpl.java:188) ~[?:1.8.0_101]
	at java.net.PlainSocketImpl.connect(PlainSocketImpl.java:172) ~[?:1.8.0_101]
	at java.net.SocksSocketImpl.connect(SocksSocketImpl.java:392) ~[?:1.8.0_101]
	at java.net.Socket.connect(Socket.java:589) ~[?:1.8.0_101]
	at org.apache.thrift.transport.TSocket.open(TSocket.java:182) ~[libthrift-0.9.2.jar:0.9.2]
	... 4 more
2016-09-19 01:48:02.830 [main] [ERROR] [e.x.p.c.t.ThriftClient: startUp] - Cannot connect server: ThriftConfig [name=p2p_client_1, host=192.168.31.111, port=8888]
org.apache.thrift.transport.TTransportException: java.net.ConnectException: Connection refused: connect
	at org.apache.thrift.transport.TSocket.open(TSocket.java:187) ~[libthrift-0.9.2.jar:0.9.2]
	at org.apache.thrift.transport.TFramedTransport.open(TFramedTransport.java:81) ~[libthrift-0.9.2.jar:0.9.2]
	at edu.xmh.p2p.client.thrift.ThriftClient.startUp(ThriftClient.java:59) [bin/:?]
	at edu.xmh.p2p.client.thrift.ThriftClient.downLoadFile(ThriftClient.java:41) [bin/:?]
	at edu.xmh.p2p.client.app.ClientApp.main(ClientApp.java:13) [bin/:?]
Caused by: java.net.ConnectException: Connection refused: connect
	at java.net.DualStackPlainSocketImpl.waitForConnect(Native Method) ~[?:1.8.0_101]
	at java.net.DualStackPlainSocketImpl.socketConnect(DualStackPlainSocketImpl.java:85) ~[?:1.8.0_101]
	at java.net.AbstractPlainSocketImpl.doConnect(AbstractPlainSocketImpl.java:350) ~[?:1.8.0_101]
	at java.net.AbstractPlainSocketImpl.connectToAddress(AbstractPlainSocketImpl.java:206) ~[?:1.8.0_101]
	at java.net.AbstractPlainSocketImpl.connect(AbstractPlainSocketImpl.java:188) ~[?:1.8.0_101]
	at java.net.PlainSocketImpl.connect(PlainSocketImpl.java:172) ~[?:1.8.0_101]
	at java.net.SocksSocketImpl.connect(SocksSocketImpl.java:392) ~[?:1.8.0_101]
	at java.net.Socket.connect(Socket.java:589) ~[?:1.8.0_101]
	at org.apache.thrift.transport.TSocket.open(TSocket.java:182) ~[libthrift-0.9.2.jar:0.9.2]
	... 4 more
2016-09-19 01:49:13.232 [main] [ERROR] [e.x.p.c.t.ThriftClient: startUp] - Cannot connect server: ThriftConfig [name=p2p_client_1, host=192.168.31.111, port=8888]
org.apache.thrift.transport.TTransportException: java.net.ConnectException: Connection refused: connect
	at org.apache.thrift.transport.TSocket.open(TSocket.java:187) ~[libthrift-0.9.2.jar:0.9.2]
	at org.apache.thrift.transport.TFramedTransport.open(TFramedTransport.java:81) ~[libthrift-0.9.2.jar:0.9.2]
	at edu.xmh.p2p.client.thrift.ThriftClient.startUp(ThriftClient.java:59) [bin/:?]
	at edu.xmh.p2p.client.thrift.ThriftClient.downLoadFile(ThriftClient.java:41) [bin/:?]
	at edu.xmh.p2p.client.app.ClientApp.main(ClientApp.java:13) [bin/:?]
Caused by: java.net.ConnectException: Connection refused: connect
	at java.net.DualStackPlainSocketImpl.waitForConnect(Native Method) ~[?:1.8.0_101]
	at java.net.DualStackPlainSocketImpl.socketConnect(DualStackPlainSocketImpl.java:85) ~[?:1.8.0_101]
	at java.net.AbstractPlainSocketImpl.doConnect(AbstractPlainSocketImpl.java:350) ~[?:1.8.0_101]
	at java.net.AbstractPlainSocketImpl.connectToAddress(AbstractPlainSocketImpl.java:206) ~[?:1.8.0_101]
	at java.net.AbstractPlainSocketImpl.connect(AbstractPlainSocketImpl.java:188) ~[?:1.8.0_101]
	at java.net.PlainSocketImpl.connect(PlainSocketImpl.java:172) ~[?:1.8.0_101]
	at java.net.SocksSocketImpl.connect(SocksSocketImpl.java:392) ~[?:1.8.0_101]
	at java.net.Socket.connect(Socket.java:589) ~[?:1.8.0_101]
	at org.apache.thrift.transport.TSocket.open(TSocket.java:182) ~[libthrift-0.9.2.jar:0.9.2]
	... 4 more
2016-09-19 01:56:18.695 [main] [INFO ] [e.x.p.c.t.ThriftClient: startUp] - Client queryFileUrls: fileName
2016-09-19 01:56:48.810 [main] [INFO ] [e.x.p.c.t.ThriftClient: downLoadFile] - Count ftpUrls: 1
